{"D:\\Dev\\vtt-mvp-backend\\src\\controllers\\auth.controller.ts": {"path":"D:\\Dev\\vtt-mvp-backend\\src\\controllers\\auth.controller.ts","statementMap":{"0":{"start":{"line":5,"column":2},"end":{"line":15,"column":null}},"1":{"start":{"line":7,"column":38},"end":{"line":7,"column":null}},"2":{"start":{"line":9,"column":19},"end":{"line":9,"column":60}},"3":{"start":{"line":11,"column":4},"end":{"line":11,"column":null}},"4":{"start":{"line":15,"column":4},"end":{"line":15,"column":null}},"5":{"start":{"line":21,"column":2},"end":{"line":31,"column":null}},"6":{"start":{"line":23,"column":32},"end":{"line":23,"column":null}},"7":{"start":{"line":25,"column":19},"end":{"line":25,"column":51}},"8":{"start":{"line":27,"column":4},"end":{"line":27,"column":null}},"9":{"start":{"line":31,"column":4},"end":{"line":31,"column":null}}},"fnMap":{"0":{"name":"register","decl":{"start":{"line":4,"column":22},"end":{"line":4,"column":31}},"loc":{"start":{"line":4,"column":60},"end":{"line":15,"column":null}},"line":4},"1":{"name":"login","decl":{"start":{"line":20,"column":22},"end":{"line":20,"column":28}},"loc":{"start":{"line":20,"column":57},"end":{"line":31,"column":null}},"line":20}},"branchMap":{},"s":{"0":2,"1":2,"2":2,"3":1,"4":1,"5":2,"6":2,"7":2,"8":1,"9":1},"f":{"0":2,"1":2},"b":{},"meta":{"lastBranch":0,"lastFunction":2,"lastStatement":10,"seen":{"f:4:22:4:31":0,"s:5:2:15:Infinity":0,"s:7:38:7:Infinity":1,"s:9:19:9:60":2,"s:11:4:11:Infinity":3,"s:15:4:15:Infinity":4,"f:20:22:20:28":1,"s:21:2:31:Infinity":5,"s:23:32:23:Infinity":6,"s:25:19:25:51":7,"s:27:4:27:Infinity":8,"s:31:4:31:Infinity":9}}}
,"D:\\Dev\\vtt-mvp-backend\\src\\controllers\\character.controller.ts": {"path":"D:\\Dev\\vtt-mvp-backend\\src\\controllers\\character.controller.ts","statementMap":{"0":{"start":{"line":13,"column":2},"end":{"line":21,"column":null}},"1":{"start":{"line":14,"column":37},"end":{"line":14,"column":null}},"2":{"start":{"line":15,"column":10},"end":{"line":15,"column":73}},"3":{"start":{"line":17,"column":22},"end":{"line":17,"column":89}},"4":{"start":{"line":19,"column":4},"end":{"line":19,"column":null}},"5":{"start":{"line":21,"column":4},"end":{"line":21,"column":null}},"6":{"start":{"line":26,"column":2},"end":{"line":33,"column":null}},"7":{"start":{"line":27,"column":10},"end":{"line":27,"column":73}},"8":{"start":{"line":29,"column":23},"end":{"line":29,"column":73}},"9":{"start":{"line":31,"column":4},"end":{"line":31,"column":null}},"10":{"start":{"line":33,"column":4},"end":{"line":33,"column":null}},"11":{"start":{"line":38,"column":2},"end":{"line":47,"column":null}},"12":{"start":{"line":39,"column":10},"end":{"line":39,"column":79}},"13":{"start":{"line":40,"column":10},"end":{"line":40,"column":73}},"14":{"start":{"line":41,"column":21},"end":{"line":41,"column":null}},"15":{"start":{"line":43,"column":22},"end":{"line":43,"column":73}},"16":{"start":{"line":45,"column":4},"end":{"line":45,"column":null}},"17":{"start":{"line":47,"column":4},"end":{"line":47,"column":null}},"18":{"start":{"line":52,"column":2},"end":{"line":60,"column":null}},"19":{"start":{"line":53,"column":10},"end":{"line":53,"column":79}},"20":{"start":{"line":54,"column":10},"end":{"line":54,"column":73}},"21":{"start":{"line":56,"column":4},"end":{"line":56,"column":null}},"22":{"start":{"line":58,"column":4},"end":{"line":58,"column":null}},"23":{"start":{"line":60,"column":4},"end":{"line":60,"column":null}}},"fnMap":{"0":{"name":"create","decl":{"start":{"line":12,"column":22},"end":{"line":12,"column":29}},"loc":{"start":{"line":12,"column":62},"end":{"line":21,"column":null}},"line":12},"1":{"name":"list","decl":{"start":{"line":25,"column":22},"end":{"line":25,"column":27}},"loc":{"start":{"line":25,"column":60},"end":{"line":33,"column":null}},"line":25},"2":{"name":"update","decl":{"start":{"line":37,"column":22},"end":{"line":37,"column":29}},"loc":{"start":{"line":37,"column":62},"end":{"line":47,"column":null}},"line":37},"3":{"name":"remove","decl":{"start":{"line":51,"column":22},"end":{"line":51,"column":29}},"loc":{"start":{"line":51,"column":62},"end":{"line":60,"column":null}},"line":51}},"branchMap":{},"s":{"0":1,"1":1,"2":1,"3":1,"4":1,"5":0,"6":1,"7":1,"8":1,"9":1,"10":0,"11":2,"12":2,"13":2,"14":2,"15":2,"16":1,"17":1,"18":1,"19":1,"20":1,"21":1,"22":1,"23":0},"f":{"0":1,"1":1,"2":2,"3":1},"b":{},"meta":{"lastBranch":0,"lastFunction":4,"lastStatement":24,"seen":{"f:12:22:12:29":0,"s:13:2:21:Infinity":0,"s:14:37:14:Infinity":1,"s:15:10:15:73":2,"s:17:22:17:89":3,"s:19:4:19:Infinity":4,"s:21:4:21:Infinity":5,"f:25:22:25:27":1,"s:26:2:33:Infinity":6,"s:27:10:27:73":7,"s:29:23:29:73":8,"s:31:4:31:Infinity":9,"s:33:4:33:Infinity":10,"f:37:22:37:29":2,"s:38:2:47:Infinity":11,"s:39:10:39:79":12,"s:40:10:40:73":13,"s:41:21:41:Infinity":14,"s:43:22:43:73":15,"s:45:4:45:Infinity":16,"s:47:4:47:Infinity":17,"f:51:22:51:29":3,"s:52:2:60:Infinity":18,"s:53:10:53:79":19,"s:54:10:54:73":20,"s:56:4:56:Infinity":21,"s:58:4:58:Infinity":22,"s:60:4:60:Infinity":23}}}
,"D:\\Dev\\vtt-mvp-backend\\src\\controllers\\message.controller.ts": {"path":"D:\\Dev\\vtt-mvp-backend\\src\\controllers\\message.controller.ts","statementMap":{"0":{"start":{"line":14,"column":2},"end":{"line":33,"column":null}},"1":{"start":{"line":16,"column":10},"end":{"line":16,"column":73}},"2":{"start":{"line":17,"column":40},"end":{"line":17,"column":null}},"3":{"start":{"line":19,"column":20},"end":{"line":24,"column":null}},"4":{"start":{"line":27,"column":4},"end":{"line":27,"column":null}},"5":{"start":{"line":29,"column":4},"end":{"line":29,"column":null}},"6":{"start":{"line":33,"column":4},"end":{"line":33,"column":null}},"7":{"start":{"line":40,"column":2},"end":{"line":50,"column":null}},"8":{"start":{"line":42,"column":10},"end":{"line":42,"column":73}},"9":{"start":{"line":44,"column":21},"end":{"line":44,"column":56}},"10":{"start":{"line":46,"column":4},"end":{"line":46,"column":null}},"11":{"start":{"line":50,"column":4},"end":{"line":50,"column":null}}},"fnMap":{"0":{"name":"sendMessage","decl":{"start":{"line":12,"column":22},"end":{"line":12,"column":34}},"loc":{"start":{"line":12,"column":67},"end":{"line":33,"column":null}},"line":12},"1":{"name":"listMessages","decl":{"start":{"line":38,"column":22},"end":{"line":38,"column":35}},"loc":{"start":{"line":38,"column":68},"end":{"line":50,"column":null}},"line":38}},"branchMap":{},"s":{"0":2,"1":2,"2":2,"3":2,"4":1,"5":1,"6":1,"7":1,"8":1,"9":1,"10":1,"11":0},"f":{"0":2,"1":1},"b":{},"meta":{"lastBranch":0,"lastFunction":2,"lastStatement":12,"seen":{"f:12:22:12:34":0,"s:14:2:33:Infinity":0,"s:16:10:16:73":1,"s:17:40:17:Infinity":2,"s:19:20:24:Infinity":3,"s:27:4:27:Infinity":4,"s:29:4:29:Infinity":5,"s:33:4:33:Infinity":6,"f:38:22:38:35":1,"s:40:2:50:Infinity":7,"s:42:10:42:73":8,"s:44:21:44:56":9,"s:46:4:46:Infinity":10,"s:50:4:50:Infinity":11}}}
,"D:\\Dev\\vtt-mvp-backend\\src\\controllers\\session.controller.ts": {"path":"D:\\Dev\\vtt-mvp-backend\\src\\controllers\\session.controller.ts","statementMap":{"0":{"start":{"line":14,"column":2},"end":{"line":28,"column":null}},"1":{"start":{"line":16,"column":31},"end":{"line":16,"column":null}},"2":{"start":{"line":18,"column":20},"end":{"line":21,"column":null}},"3":{"start":{"line":24,"column":4},"end":{"line":24,"column":null}},"4":{"start":{"line":28,"column":4},"end":{"line":28,"column":null}},"5":{"start":{"line":35,"column":2},"end":{"line":43,"column":null}},"6":{"start":{"line":37,"column":21},"end":{"line":37,"column":41}},"7":{"start":{"line":39,"column":4},"end":{"line":39,"column":null}},"8":{"start":{"line":43,"column":4},"end":{"line":43,"column":null}},"9":{"start":{"line":50,"column":2},"end":{"line":60,"column":null}},"10":{"start":{"line":52,"column":36},"end":{"line":52,"column":null}},"11":{"start":{"line":54,"column":20},"end":{"line":54,"column":71}},"12":{"start":{"line":56,"column":4},"end":{"line":56,"column":null}},"13":{"start":{"line":60,"column":4},"end":{"line":60,"column":null}},"14":{"start":{"line":67,"column":2},"end":{"line":77,"column":null}},"15":{"start":{"line":69,"column":10},"end":{"line":69,"column":73}},"16":{"start":{"line":71,"column":20},"end":{"line":71,"column":47}},"17":{"start":{"line":73,"column":4},"end":{"line":73,"column":null}},"18":{"start":{"line":77,"column":4},"end":{"line":77,"column":null}}},"fnMap":{"0":{"name":"create","decl":{"start":{"line":12,"column":22},"end":{"line":12,"column":29}},"loc":{"start":{"line":12,"column":62},"end":{"line":28,"column":null}},"line":12},"1":{"name":"list","decl":{"start":{"line":33,"column":22},"end":{"line":33,"column":27}},"loc":{"start":{"line":33,"column":56},"end":{"line":43,"column":null}},"line":33},"2":{"name":"join","decl":{"start":{"line":48,"column":22},"end":{"line":48,"column":27}},"loc":{"start":{"line":48,"column":60},"end":{"line":60,"column":null}},"line":48},"3":{"name":"get","decl":{"start":{"line":65,"column":22},"end":{"line":65,"column":26}},"loc":{"start":{"line":65,"column":59},"end":{"line":77,"column":null}},"line":65}},"branchMap":{},"s":{"0":2,"1":2,"2":2,"3":1,"4":1,"5":1,"6":1,"7":1,"8":0,"9":1,"10":1,"11":1,"12":1,"13":0,"14":2,"15":2,"16":2,"17":1,"18":1},"f":{"0":2,"1":1,"2":1,"3":2},"b":{},"meta":{"lastBranch":0,"lastFunction":4,"lastStatement":19,"seen":{"f:12:22:12:29":0,"s:14:2:28:Infinity":0,"s:16:31:16:Infinity":1,"s:18:20:21:Infinity":2,"s:24:4:24:Infinity":3,"s:28:4:28:Infinity":4,"f:33:22:33:27":1,"s:35:2:43:Infinity":5,"s:37:21:37:41":6,"s:39:4:39:Infinity":7,"s:43:4:43:Infinity":8,"f:48:22:48:27":2,"s:50:2:60:Infinity":9,"s:52:36:52:Infinity":10,"s:54:20:54:71":11,"s:56:4:56:Infinity":12,"s:60:4:60:Infinity":13,"f:65:22:65:26":3,"s:67:2:77:Infinity":14,"s:69:10:69:73":15,"s:71:20:71:47":16,"s:73:4:73:Infinity":17,"s:77:4:77:Infinity":18}}}
,"D:\\Dev\\vtt-mvp-backend\\src\\middleware\\auth.middleware.ts": {"path":"D:\\Dev\\vtt-mvp-backend\\src\\middleware\\auth.middleware.ts","statementMap":{"0":{"start":{"line":13,"column":21},"end":{"line":13,"column":null}},"1":{"start":{"line":15,"column":2},"end":{"line":16,"column":null}},"2":{"start":{"line":16,"column":4},"end":{"line":16,"column":null}},"3":{"start":{"line":19,"column":16},"end":{"line":19,"column":null}},"4":{"start":{"line":21,"column":2},"end":{"line":22,"column":null}},"5":{"start":{"line":22,"column":4},"end":{"line":22,"column":null}},"6":{"start":{"line":25,"column":2},"end":{"line":30,"column":null}},"7":{"start":{"line":26,"column":10},"end":{"line":26,"column":38}},"8":{"start":{"line":27,"column":4},"end":{"line":27,"column":null}},"9":{"start":{"line":28,"column":4},"end":{"line":28,"column":null}},"10":{"start":{"line":30,"column":4},"end":{"line":30,"column":null}}},"fnMap":{"0":{"name":"authMiddleware","decl":{"start":{"line":8,"column":16},"end":{"line":8,"column":null}},"loc":{"start":{"line":12,"column":2},"end":{"line":30,"column":null}},"line":12}},"branchMap":{"0":{"loc":{"start":{"line":15,"column":2},"end":{"line":16,"column":null}},"type":"if","locations":[{"start":{"line":15,"column":2},"end":{"line":16,"column":null}},{"start":{},"end":{}}],"line":15},"1":{"loc":{"start":{"line":21,"column":2},"end":{"line":22,"column":null}},"type":"if","locations":[{"start":{"line":21,"column":2},"end":{"line":22,"column":null}},{"start":{},"end":{}}],"line":21}},"s":{"0":4,"1":4,"2":1,"3":3,"4":3,"5":1,"6":2,"7":2,"8":2,"9":2,"10":1},"f":{"0":4},"b":{"0":[1,3],"1":[1,2]},"meta":{"lastBranch":2,"lastFunction":1,"lastStatement":11,"seen":{"f:8:16:8:Infinity":0,"s:13:21:13:Infinity":0,"b:15:2:16:Infinity:undefined:undefined:undefined:undefined":0,"s:15:2:16:Infinity":1,"s:16:4:16:Infinity":2,"s:19:16:19:Infinity":3,"b:21:2:22:Infinity:undefined:undefined:undefined:undefined":1,"s:21:2:22:Infinity":4,"s:22:4:22:Infinity":5,"s:25:2:30:Infinity":6,"s:26:10:26:38":7,"s:27:4:27:Infinity":8,"s:28:4:28:Infinity":9,"s:30:4:30:Infinity":10}}}
,"D:\\Dev\\vtt-mvp-backend\\src\\middleware\\session.middleware.ts": {"path":"D:\\Dev\\vtt-mvp-backend\\src\\middleware\\session.middleware.ts","statementMap":{"0":{"start":{"line":11,"column":2},"end":{"line":43,"column":null}},"1":{"start":{"line":13,"column":22},"end":{"line":13,"column":null}},"2":{"start":{"line":14,"column":19},"end":{"line":14,"column":null}},"3":{"start":{"line":16,"column":4},"end":{"line":19,"column":null}},"4":{"start":{"line":17,"column":6},"end":{"line":19,"column":null}},"5":{"start":{"line":22,"column":24},"end":{"line":29,"column":6}},"6":{"start":{"line":31,"column":4},"end":{"line":34,"column":null}},"7":{"start":{"line":32,"column":6},"end":{"line":34,"column":null}},"8":{"start":{"line":37,"column":4},"end":{"line":37,"column":null}},"9":{"start":{"line":41,"column":4},"end":{"line":43,"column":null}}},"fnMap":{"0":{"name":"sessionGuard","decl":{"start":{"line":5,"column":22},"end":{"line":5,"column":null}},"loc":{"start":{"line":9,"column":2},"end":{"line":43,"column":null}},"line":9}},"branchMap":{"0":{"loc":{"start":{"line":13,"column":22},"end":{"line":13,"column":null}},"type":"binary-expr","locations":[{"start":{"line":13,"column":22},"end":{"line":13,"column":46}},{"start":{"line":13,"column":46},"end":{"line":13,"column":null}}],"line":13},"1":{"loc":{"start":{"line":16,"column":4},"end":{"line":19,"column":null}},"type":"if","locations":[{"start":{"line":16,"column":4},"end":{"line":19,"column":null}},{"start":{},"end":{}}],"line":16},"2":{"loc":{"start":{"line":31,"column":4},"end":{"line":34,"column":null}},"type":"if","locations":[{"start":{"line":31,"column":4},"end":{"line":34,"column":null}},{"start":{},"end":{}}],"line":31}},"s":{"0":5,"1":5,"2":5,"3":5,"4":1,"5":4,"6":3,"7":1,"8":2,"9":1},"f":{"0":5},"b":{"0":[5,2],"1":[1,4],"2":[1,2]},"meta":{"lastBranch":3,"lastFunction":1,"lastStatement":10,"seen":{"f:5:22:5:Infinity":0,"s:11:2:43:Infinity":0,"s:13:22:13:Infinity":1,"b:13:22:13:46:13:46:13:Infinity":0,"s:14:19:14:Infinity":2,"b:16:4:19:Infinity:undefined:undefined:undefined:undefined":1,"s:16:4:19:Infinity":3,"s:17:6:19:Infinity":4,"s:22:24:29:6":5,"b:31:4:34:Infinity:undefined:undefined:undefined:undefined":2,"s:31:4:34:Infinity":6,"s:32:6:34:Infinity":7,"s:37:4:37:Infinity":8,"s:41:4:43:Infinity":9}}}
,"D:\\Dev\\vtt-mvp-backend\\src\\routes\\auth.routes.ts": {"path":"D:\\Dev\\vtt-mvp-backend\\src\\routes\\auth.routes.ts","statementMap":{"0":{"start":{"line":4,"column":6},"end":{"line":4,"column":23}},"1":{"start":{"line":6,"column":0},"end":{"line":6,"column":null}},"2":{"start":{"line":7,"column":0},"end":{"line":7,"column":null}}},"fnMap":{},"branchMap":{},"s":{"0":1,"1":1,"2":1},"f":{},"b":{},"meta":{"lastBranch":0,"lastFunction":0,"lastStatement":3,"seen":{"s:4:6:4:23":0,"s:6:0:6:Infinity":1,"s:7:0:7:Infinity":2}}}
,"D:\\Dev\\vtt-mvp-backend\\src\\routes\\character.routes.ts": {"path":"D:\\Dev\\vtt-mvp-backend\\src\\routes\\character.routes.ts","statementMap":{"0":{"start":{"line":13,"column":6},"end":{"line":13,"column":23}},"1":{"start":{"line":15,"column":0},"end":{"line":20,"column":null}},"2":{"start":{"line":22,"column":0},"end":{"line":27,"column":null}},"3":{"start":{"line":29,"column":0},"end":{"line":34,"column":null}},"4":{"start":{"line":36,"column":0},"end":{"line":41,"column":null}}},"fnMap":{},"branchMap":{},"s":{"0":1,"1":1,"2":1,"3":1,"4":1},"f":{},"b":{},"meta":{"lastBranch":0,"lastFunction":0,"lastStatement":5,"seen":{"s:13:6:13:23":0,"s:15:0:20:Infinity":1,"s:22:0:27:Infinity":2,"s:29:0:34:Infinity":3,"s:36:0:41:Infinity":4}}}
,"D:\\Dev\\vtt-mvp-backend\\src\\routes\\message.routes.ts": {"path":"D:\\Dev\\vtt-mvp-backend\\src\\routes\\message.routes.ts","statementMap":{"0":{"start":{"line":11,"column":6},"end":{"line":11,"column":23}},"1":{"start":{"line":13,"column":0},"end":{"line":18,"column":null}},"2":{"start":{"line":20,"column":0},"end":{"line":25,"column":null}}},"fnMap":{},"branchMap":{},"s":{"0":1,"1":1,"2":1},"f":{},"b":{},"meta":{"lastBranch":0,"lastFunction":0,"lastStatement":3,"seen":{"s:11:6:11:23":0,"s:13:0:18:Infinity":1,"s:20:0:25:Infinity":2}}}
,"D:\\Dev\\vtt-mvp-backend\\src\\routes\\session.routes.ts": {"path":"D:\\Dev\\vtt-mvp-backend\\src\\routes\\session.routes.ts","statementMap":{"0":{"start":{"line":13,"column":6},"end":{"line":13,"column":23}},"1":{"start":{"line":15,"column":0},"end":{"line":15,"column":null}},"2":{"start":{"line":17,"column":0},"end":{"line":17,"column":null}},"3":{"start":{"line":19,"column":0},"end":{"line":19,"column":null}},"4":{"start":{"line":21,"column":0},"end":{"line":25,"column":null}}},"fnMap":{},"branchMap":{},"s":{"0":1,"1":1,"2":1,"3":1,"4":1},"f":{},"b":{},"meta":{"lastBranch":0,"lastFunction":0,"lastStatement":5,"seen":{"s:13:6:13:23":0,"s:15:0:15:Infinity":1,"s:17:0:17:Infinity":2,"s:19:0:19:Infinity":3,"s:21:0:25:Infinity":4}}}
,"D:\\Dev\\vtt-mvp-backend\\src\\services\\auth.service.ts": {"path":"D:\\Dev\\vtt-mvp-backend\\src\\services\\auth.service.ts","statementMap":{"0":{"start":{"line":7,"column":23},"end":{"line":9,"column":4}},"1":{"start":{"line":11,"column":2},"end":{"line":12,"column":null}},"2":{"start":{"line":12,"column":4},"end":{"line":12,"column":null}},"3":{"start":{"line":15,"column":31},"end":{"line":15,"column":62}},"4":{"start":{"line":17,"column":15},"end":{"line":23,"column":4}},"5":{"start":{"line":25,"column":8},"end":{"line":25,"column":38}},"6":{"start":{"line":27,"column":40},"end":{"line":27,"column":null}},"7":{"start":{"line":29,"column":2},"end":{"line":29,"column":null}},"8":{"start":{"line":34,"column":15},"end":{"line":36,"column":4}},"9":{"start":{"line":38,"column":2},"end":{"line":39,"column":null}},"10":{"start":{"line":39,"column":4},"end":{"line":39,"column":null}},"11":{"start":{"line":42,"column":24},"end":{"line":42,"column":73}},"12":{"start":{"line":44,"column":2},"end":{"line":45,"column":null}},"13":{"start":{"line":45,"column":4},"end":{"line":45,"column":null}},"14":{"start":{"line":48,"column":8},"end":{"line":48,"column":38}},"15":{"start":{"line":50,"column":40},"end":{"line":50,"column":null}},"16":{"start":{"line":52,"column":2},"end":{"line":52,"column":null}}},"fnMap":{"0":{"name":"registerUser","decl":{"start":{"line":5,"column":22},"end":{"line":5,"column":35}},"loc":{"start":{"line":5,"column":82},"end":{"line":29,"column":null}},"line":5},"1":{"name":"loginUser","decl":{"start":{"line":32,"column":22},"end":{"line":32,"column":32}},"loc":{"start":{"line":32,"column":65},"end":{"line":52,"column":null}},"line":32}},"branchMap":{"0":{"loc":{"start":{"line":11,"column":2},"end":{"line":12,"column":null}},"type":"if","locations":[{"start":{"line":11,"column":2},"end":{"line":12,"column":null}},{"start":{},"end":{}}],"line":11},"1":{"loc":{"start":{"line":38,"column":2},"end":{"line":39,"column":null}},"type":"if","locations":[{"start":{"line":38,"column":2},"end":{"line":39,"column":null}},{"start":{},"end":{}}],"line":38},"2":{"loc":{"start":{"line":44,"column":2},"end":{"line":45,"column":null}},"type":"if","locations":[{"start":{"line":44,"column":2},"end":{"line":45,"column":null}},{"start":{},"end":{}}],"line":44}},"s":{"0":2,"1":2,"2":1,"3":1,"4":1,"5":1,"6":1,"7":1,"8":3,"9":3,"10":1,"11":2,"12":2,"13":1,"14":1,"15":1,"16":1},"f":{"0":2,"1":3},"b":{"0":[1,1],"1":[1,2],"2":[1,1]},"meta":{"lastBranch":3,"lastFunction":2,"lastStatement":17,"seen":{"f:5:22:5:35":0,"s:7:23:9:4":0,"b:11:2:12:Infinity:undefined:undefined:undefined:undefined":0,"s:11:2:12:Infinity":1,"s:12:4:12:Infinity":2,"s:15:31:15:62":3,"s:17:15:23:4":4,"s:25:8:25:38":5,"s:27:40:27:Infinity":6,"s:29:2:29:Infinity":7,"f:32:22:32:32":1,"s:34:15:36:4":8,"b:38:2:39:Infinity:undefined:undefined:undefined:undefined":1,"s:38:2:39:Infinity":9,"s:39:4:39:Infinity":10,"s:42:24:42:73":11,"b:44:2:45:Infinity:undefined:undefined:undefined:undefined":2,"s:44:2:45:Infinity":12,"s:45:4:45:Infinity":13,"s:48:8:48:38":14,"s:50:40:50:Infinity":15,"s:52:2:52:Infinity":16}}}
,"D:\\Dev\\vtt-mvp-backend\\src\\services\\character.service.ts": {"path":"D:\\Dev\\vtt-mvp-backend\\src\\services\\character.service.ts","statementMap":{"0":{"start":{"line":10,"column":20},"end":{"line":18,"column":4}},"1":{"start":{"line":20,"column":2},"end":{"line":20,"column":null}},"2":{"start":{"line":24,"column":18},"end":{"line":27,"column":4}},"3":{"start":{"line":29,"column":2},"end":{"line":30,"column":null}},"4":{"start":{"line":30,"column":4},"end":{"line":30,"column":null}},"5":{"start":{"line":33,"column":27},"end":{"line":33,"column":null}},"6":{"start":{"line":35,"column":21},"end":{"line":50,"column":4}},"7":{"start":{"line":52,"column":2},"end":{"line":52,"column":null}},"8":{"start":{"line":60,"column":20},"end":{"line":62,"column":4}},"9":{"start":{"line":64,"column":2},"end":{"line":65,"column":null}},"10":{"start":{"line":65,"column":4},"end":{"line":65,"column":null}},"11":{"start":{"line":68,"column":2},"end":{"line":71,"column":null}},"12":{"start":{"line":75,"column":20},"end":{"line":77,"column":4}},"13":{"start":{"line":79,"column":2},"end":{"line":80,"column":null}},"14":{"start":{"line":80,"column":4},"end":{"line":80,"column":null}},"15":{"start":{"line":83,"column":2},"end":{"line":85,"column":null}},"16":{"start":{"line":87,"column":2},"end":{"line":87,"column":null}}},"fnMap":{"0":{"name":"createCharacter","decl":{"start":{"line":3,"column":22},"end":{"line":3,"column":null}},"loc":{"start":{"line":9,"column":2},"end":{"line":20,"column":null}},"line":9},"1":{"name":"getSessionCharacters","decl":{"start":{"line":23,"column":22},"end":{"line":23,"column":43}},"loc":{"start":{"line":23,"column":78},"end":{"line":52,"column":null}},"line":23},"2":{"name":"updateCharacter","decl":{"start":{"line":55,"column":22},"end":{"line":55,"column":null}},"loc":{"start":{"line":59,"column":2},"end":{"line":71,"column":null}},"line":59},"3":{"name":"deleteCharacter","decl":{"start":{"line":74,"column":22},"end":{"line":74,"column":38}},"loc":{"start":{"line":74,"column":78},"end":{"line":87,"column":null}},"line":74}},"branchMap":{"0":{"loc":{"start":{"line":29,"column":2},"end":{"line":30,"column":null}},"type":"if","locations":[{"start":{"line":29,"column":2},"end":{"line":30,"column":null}},{"start":{},"end":{}}],"line":29},"1":{"loc":{"start":{"line":36,"column":11},"end":{"line":36,"column":null}},"type":"cond-expr","locations":[{"start":{"line":36,"column":30},"end":{"line":36,"column":43}},{"start":{"line":36,"column":46},"end":{"line":36,"column":null}}],"line":36},"2":{"loc":{"start":{"line":64,"column":2},"end":{"line":65,"column":null}},"type":"if","locations":[{"start":{"line":64,"column":2},"end":{"line":65,"column":null}},{"start":{},"end":{}}],"line":64},"3":{"loc":{"start":{"line":64,"column":6},"end":{"line":64,"column":55}},"type":"binary-expr","locations":[{"start":{"line":64,"column":6},"end":{"line":64,"column":20}},{"start":{"line":64,"column":20},"end":{"line":64,"column":55}}],"line":64},"4":{"loc":{"start":{"line":79,"column":2},"end":{"line":80,"column":null}},"type":"if","locations":[{"start":{"line":79,"column":2},"end":{"line":80,"column":null}},{"start":{},"end":{}}],"line":79},"5":{"loc":{"start":{"line":79,"column":6},"end":{"line":79,"column":55}},"type":"binary-expr","locations":[{"start":{"line":79,"column":6},"end":{"line":79,"column":20}},{"start":{"line":79,"column":20},"end":{"line":79,"column":55}}],"line":79}},"s":{"0":1,"1":1,"2":3,"3":3,"4":1,"5":2,"6":2,"7":2,"8":2,"9":2,"10":1,"11":1,"12":2,"13":2,"14":1,"15":1,"16":1},"f":{"0":1,"1":3,"2":2,"3":2},"b":{"0":[1,2],"1":[1,1],"2":[1,1],"3":[2,2],"4":[1,1],"5":[2,2]},"meta":{"lastBranch":6,"lastFunction":4,"lastStatement":17,"seen":{"f:3:22:3:Infinity":0,"s:10:20:18:4":0,"s:20:2:20:Infinity":1,"f:23:22:23:43":1,"s:24:18:27:4":2,"b:29:2:30:Infinity:undefined:undefined:undefined:undefined":0,"s:29:2:30:Infinity":3,"s:30:4:30:Infinity":4,"s:33:27:33:Infinity":5,"s:35:21:50:4":6,"b:36:30:36:43:36:46:36:Infinity":1,"s:52:2:52:Infinity":7,"f:55:22:55:Infinity":2,"s:60:20:62:4":8,"b:64:2:65:Infinity:undefined:undefined:undefined:undefined":2,"s:64:2:65:Infinity":9,"b:64:6:64:20:64:20:64:55":3,"s:65:4:65:Infinity":10,"s:68:2:71:Infinity":11,"f:74:22:74:38":3,"s:75:20:77:4":12,"b:79:2:80:Infinity:undefined:undefined:undefined:undefined":4,"s:79:2:80:Infinity":13,"b:79:6:79:20:79:20:79:55":5,"s:80:4:80:Infinity":14,"s:83:2:85:Infinity":15,"s:87:2:87:Infinity":16}}}
,"D:\\Dev\\vtt-mvp-backend\\src\\services\\message.service.ts": {"path":"D:\\Dev\\vtt-mvp-backend\\src\\services\\message.service.ts","statementMap":{"0":{"start":{"line":11,"column":18},"end":{"line":27,"column":4}},"1":{"start":{"line":29,"column":2},"end":{"line":29,"column":null}},"2":{"start":{"line":34,"column":2},"end":{"line":47,"column":null}}},"fnMap":{"0":{"name":"createMessage","decl":{"start":{"line":3,"column":22},"end":{"line":3,"column":null}},"loc":{"start":{"line":9,"column":2},"end":{"line":29,"column":null}},"line":9},"1":{"name":"getSessionMessages","decl":{"start":{"line":32,"column":22},"end":{"line":32,"column":41}},"loc":{"start":{"line":32,"column":60},"end":{"line":47,"column":null}},"line":32}},"branchMap":{},"s":{"0":1,"1":1,"2":1},"f":{"0":1,"1":1},"b":{},"meta":{"lastBranch":0,"lastFunction":2,"lastStatement":3,"seen":{"f:3:22:3:Infinity":0,"s:11:18:27:4":0,"s:29:2:29:Infinity":1,"f:32:22:32:41":1,"s:34:2:47:Infinity":2}}}
,"D:\\Dev\\vtt-mvp-backend\\src\\services\\session.service.ts": {"path":"D:\\Dev\\vtt-mvp-backend\\src\\services\\session.service.ts","statementMap":{"0":{"start":{"line":9,"column":36},"end":{"line":9,"column":null}},"1":{"start":{"line":11,"column":2},"end":{"line":12,"column":null}},"2":{"start":{"line":12,"column":4},"end":{"line":12,"column":null}},"3":{"start":{"line":15,"column":18},"end":{"line":21,"column":4}},"4":{"start":{"line":23,"column":2},"end":{"line":23,"column":null}},"5":{"start":{"line":27,"column":19},"end":{"line":38,"column":4}},"6":{"start":{"line":40,"column":2},"end":{"line":40,"column":null}},"7":{"start":{"line":48,"column":18},"end":{"line":50,"column":4}},"8":{"start":{"line":52,"column":2},"end":{"line":53,"column":null}},"9":{"start":{"line":53,"column":4},"end":{"line":53,"column":null}},"10":{"start":{"line":56,"column":2},"end":{"line":64,"column":null}},"11":{"start":{"line":57,"column":4},"end":{"line":58,"column":null}},"12":{"start":{"line":58,"column":6},"end":{"line":58,"column":null}},"13":{"start":{"line":61,"column":18},"end":{"line":61,"column":70}},"14":{"start":{"line":63,"column":4},"end":{"line":64,"column":null}},"15":{"start":{"line":64,"column":6},"end":{"line":64,"column":null}},"16":{"start":{"line":68,"column":22},"end":{"line":80,"column":4}},"17":{"start":{"line":82,"column":2},"end":{"line":82,"column":null}},"18":{"start":{"line":87,"column":18},"end":{"line":89,"column":4}},"19":{"start":{"line":91,"column":2},"end":{"line":91,"column":null}}},"fnMap":{"0":{"name":"createSession","decl":{"start":{"line":4,"column":22},"end":{"line":4,"column":null}},"loc":{"start":{"line":8,"column":2},"end":{"line":23,"column":null}},"line":8},"1":{"name":"listSessions","decl":{"start":{"line":26,"column":22},"end":{"line":26,"column":37}},"loc":{"start":{"line":26,"column":37},"end":{"line":40,"column":null}},"line":26},"2":{"name":"joinSession","decl":{"start":{"line":43,"column":22},"end":{"line":43,"column":null}},"loc":{"start":{"line":47,"column":2},"end":{"line":82,"column":null}},"line":47},"3":{"name":"getSession","decl":{"start":{"line":85,"column":22},"end":{"line":85,"column":33}},"loc":{"start":{"line":85,"column":52},"end":{"line":91,"column":null}},"line":85}},"branchMap":{"0":{"loc":{"start":{"line":11,"column":2},"end":{"line":12,"column":null}},"type":"if","locations":[{"start":{"line":11,"column":2},"end":{"line":12,"column":null}},{"start":{},"end":{}}],"line":11},"1":{"loc":{"start":{"line":52,"column":2},"end":{"line":53,"column":null}},"type":"if","locations":[{"start":{"line":52,"column":2},"end":{"line":53,"column":null}},{"start":{},"end":{}}],"line":52},"2":{"loc":{"start":{"line":56,"column":2},"end":{"line":64,"column":null}},"type":"if","locations":[{"start":{"line":56,"column":2},"end":{"line":64,"column":null}},{"start":{},"end":{}}],"line":56},"3":{"loc":{"start":{"line":57,"column":4},"end":{"line":58,"column":null}},"type":"if","locations":[{"start":{"line":57,"column":4},"end":{"line":58,"column":null}},{"start":{},"end":{}}],"line":57},"4":{"loc":{"start":{"line":63,"column":4},"end":{"line":64,"column":null}},"type":"if","locations":[{"start":{"line":63,"column":4},"end":{"line":64,"column":null}},{"start":{},"end":{}}],"line":63}},"s":{"0":2,"1":2,"2":1,"3":2,"4":2,"5":1,"6":1,"7":4,"8":4,"9":1,"10":3,"11":3,"12":1,"13":2,"14":2,"15":1,"16":1,"17":1,"18":1,"19":1},"f":{"0":2,"1":1,"2":4,"3":1},"b":{"0":[1,1],"1":[1,3],"2":[3,0],"3":[1,2],"4":[1,1]},"meta":{"lastBranch":5,"lastFunction":4,"lastStatement":20,"seen":{"f:4:22:4:Infinity":0,"s:9:36:9:Infinity":0,"b:11:2:12:Infinity:undefined:undefined:undefined:undefined":0,"s:11:2:12:Infinity":1,"s:12:4:12:Infinity":2,"s:15:18:21:4":3,"s:23:2:23:Infinity":4,"f:26:22:26:37":1,"s:27:19:38:4":5,"s:40:2:40:Infinity":6,"f:43:22:43:Infinity":2,"s:48:18:50:4":7,"b:52:2:53:Infinity:undefined:undefined:undefined:undefined":1,"s:52:2:53:Infinity":8,"s:53:4:53:Infinity":9,"b:56:2:64:Infinity:undefined:undefined:undefined:undefined":2,"s:56:2:64:Infinity":10,"b:57:4:58:Infinity:undefined:undefined:undefined:undefined":3,"s:57:4:58:Infinity":11,"s:58:6:58:Infinity":12,"s:61:18:61:70":13,"b:63:4:64:Infinity:undefined:undefined:undefined:undefined":4,"s:63:4:64:Infinity":14,"s:64:6:64:Infinity":15,"s:68:22:80:4":16,"s:82:2:82:Infinity":17,"f:85:22:85:33":3,"s:87:18:89:4":18,"s:91:2:91:Infinity":19}}}
,"D:\\Dev\\vtt-mvp-backend\\src\\utils\\parameter-validation.ts": {"path":"D:\\Dev\\vtt-mvp-backend\\src\\utils\\parameter-validation.ts","statementMap":{"0":{"start":{"line":5,"column":2},"end":{"line":6,"column":null}},"1":{"start":{"line":6,"column":4},"end":{"line":6,"column":null}},"2":{"start":{"line":9,"column":2},"end":{"line":9,"column":null}}},"fnMap":{"0":{"name":"getRequiredParam","decl":{"start":{"line":1,"column":16},"end":{"line":1,"column":null}},"loc":{"start":{"line":4,"column":10},"end":{"line":9,"column":null}},"line":4}},"branchMap":{"0":{"loc":{"start":{"line":5,"column":2},"end":{"line":6,"column":null}},"type":"if","locations":[{"start":{"line":5,"column":2},"end":{"line":6,"column":null}},{"start":{},"end":{}}],"line":5},"1":{"loc":{"start":{"line":5,"column":6},"end":{"line":5,"column":56}},"type":"binary-expr","locations":[{"start":{"line":5,"column":6},"end":{"line":5,"column":35}},{"start":{"line":5,"column":35},"end":{"line":5,"column":56}}],"line":5}},"s":{"0":12,"1":3,"2":9},"f":{"0":12},"b":{"0":[3,9],"1":[12,9]},"meta":{"lastBranch":2,"lastFunction":1,"lastStatement":3,"seen":{"f:1:16:1:Infinity":0,"b:5:2:6:Infinity:undefined:undefined:undefined:undefined":0,"s:5:2:6:Infinity":0,"b:5:6:5:35:5:35:5:56":1,"s:6:4:6:Infinity":1,"s:9:2:9:Infinity":2}}}
}
